C51 COMPILER V9.00   01                                                                    12/06/2015 17:18:04 PAGE 1   


C51 COMPILER V9.00, COMPILATION OF MODULE 01
OBJECT MODULE PLACED IN 01.OBJ
COMPILER INVOKED BY: D:\Keil\C51\BIN\C51.EXE 01.c BROWSE DEBUG OBJECTEXTEND

line level    source

   1          #include<reg52.h>
   2          
   3          sbit led = P1^1;
   4          
   5          void main(){
   6   1          unsigned i;
   7   1          while(1){
   8   2                  led = 0x00;
   9   2                      for(i = 0; i < 10000; i++);
  10   2                      led = 0x01;
  11   2                      for(i = 0; i < 10000; i++);
  12   2              }
  13   1      }


MODULE INFORMATION:   STATIC OVERLAYABLE
   CODE SIZE        =     37    ----
   CONSTANT SIZE    =   ----    ----
   XDATA SIZE       =   ----    ----
   PDATA SIZE       =   ----    ----
   DATA SIZE        =   ----    ----
   IDATA SIZE       =   ----    ----
   BIT SIZE         =   ----    ----
END OF MODULE INFORMATION.


C51 COMPILATION COMPLETE.  0 WARNING(S),  0 ERROR(S)
